{"message":"Connected to mongodb://localhost/fullstack...","level":"info"}
{"message":"Connected to mongodb://localhost/fullstack...","level":"info"}
{"message":"Unable to Connect","level":"error"}
{"message":"Connected to mongodb://localhost/fullstack...","level":"info"}
{"message":"Connected to mongodb://localhost/fullstack...","level":"info"}
{"message":"Connected to mongodb://localhost/fullstack...","level":"info"}
{"message":"Connected to mongodb://localhost/fullstack...","level":"info"}
{"message":"Connected to mongodb://localhost/fullstack...","level":"info"}
{"message":"Connected to mongodb://localhost/fullstack...","level":"info"}
{"message":"Connected to mongodb://localhost/fullstack...","level":"info"}
{"message":"Connected to mongodb://localhost/fullstack...","level":"info"}
{"message":"Connected to mongodb://localhost/fullstack...","level":"info"}
{"name":"MongoParseError","level":"error"}
{"name":"MongoParseError","level":"error","message":"DB Connection Error Invalid connection string","stack":"MongoParseError: Invalid connection string\n    at parseConnectionString (F:\\Github\\usman-akram-mern-stack-app\\node_modules\\mongodb\\lib\\core\\uri_parser.js:573:21)\n    at connect (F:\\Github\\usman-akram-mern-stack-app\\node_modules\\mongodb\\lib\\operations\\connect.js:281:3)\n    at F:\\Github\\usman-akram-mern-stack-app\\node_modules\\mongodb\\lib\\mongo_client.js:259:5\n    at maybePromise (F:\\Github\\usman-akram-mern-stack-app\\node_modules\\mongodb\\lib\\utils.js:692:3)\n    at MongoClient.connect (F:\\Github\\usman-akram-mern-stack-app\\node_modules\\mongodb\\lib\\mongo_client.js:255:10)\n    at F:\\Github\\usman-akram-mern-stack-app\\node_modules\\mongoose\\lib\\connection.js:835:12\n    at new Promise (<anonymous>)\n    at NativeConnection.Connection.openUri (F:\\Github\\usman-akram-mern-stack-app\\node_modules\\mongoose\\lib\\connection.js:832:19)\n    at F:\\Github\\usman-akram-mern-stack-app\\node_modules\\mongoose\\lib\\index.js:351:10\n    at F:\\Github\\usman-akram-mern-stack-app\\node_modules\\mongoose\\lib\\helpers\\promiseOrCallback.js:32:5\n    at new Promise (<anonymous>)\n    at promiseOrCallback (F:\\Github\\usman-akram-mern-stack-app\\node_modules\\mongoose\\lib\\helpers\\promiseOrCallback.js:31:10)\n    at Mongoose._promiseOrCallback (F:\\Github\\usman-akram-mern-stack-app\\node_modules\\mongoose\\lib\\index.js:1149:10)\n    at Mongoose.connect (F:\\Github\\usman-akram-mern-stack-app\\node_modules\\mongoose\\lib\\index.js:350:20)\n    at Object.<anonymous> (F:\\Github\\usman-akram-mern-stack-app\\app.js:50:4)\n    at Module._compile (internal/modules/cjs/loader.js:1068:30)"}
{"name":"MongoParseError","level":"error","message":"DB Connection Error Invalid connection string","stack":"MongoParseError: Invalid connection string\n    at parseConnectionString (F:\\Github\\usman-akram-mern-stack-app\\node_modules\\mongodb\\lib\\core\\uri_parser.js:573:21)\n    at connect (F:\\Github\\usman-akram-mern-stack-app\\node_modules\\mongodb\\lib\\operations\\connect.js:281:3)\n    at F:\\Github\\usman-akram-mern-stack-app\\node_modules\\mongodb\\lib\\mongo_client.js:259:5\n    at maybePromise (F:\\Github\\usman-akram-mern-stack-app\\node_modules\\mongodb\\lib\\utils.js:692:3)\n    at MongoClient.connect (F:\\Github\\usman-akram-mern-stack-app\\node_modules\\mongodb\\lib\\mongo_client.js:255:10)\n    at F:\\Github\\usman-akram-mern-stack-app\\node_modules\\mongoose\\lib\\connection.js:835:12\n    at new Promise (<anonymous>)\n    at NativeConnection.Connection.openUri (F:\\Github\\usman-akram-mern-stack-app\\node_modules\\mongoose\\lib\\connection.js:832:19)\n    at F:\\Github\\usman-akram-mern-stack-app\\node_modules\\mongoose\\lib\\index.js:351:10\n    at F:\\Github\\usman-akram-mern-stack-app\\node_modules\\mongoose\\lib\\helpers\\promiseOrCallback.js:32:5\n    at new Promise (<anonymous>)\n    at promiseOrCallback (F:\\Github\\usman-akram-mern-stack-app\\node_modules\\mongoose\\lib\\helpers\\promiseOrCallback.js:31:10)\n    at Mongoose._promiseOrCallback (F:\\Github\\usman-akram-mern-stack-app\\node_modules\\mongoose\\lib\\index.js:1149:10)\n    at Mongoose.connect (F:\\Github\\usman-akram-mern-stack-app\\node_modules\\mongoose\\lib\\index.js:350:20)\n    at Object.<anonymous> (F:\\Github\\usman-akram-mern-stack-app\\app.js:50:4)\n    at Module._compile (internal/modules/cjs/loader.js:1068:30)"}
{"message":"DB Connection Error","level":"error"}
{"message":"Connected to mongodb://localhost/fullstack...","level":"info"}
{"message":"Connected to mongodb://localhost/fullstack...","level":"info"}
{"message":"Connected to mongodb://localhost/fullstack...","level":"info"}
{"message":"Connected to mongodb://localhost/fullstack...","level":"info"}
{"message":"Connected to mongodb://localhost/fullstack...","level":"info"}
{"message":"Listening on port 5000","level":"info"}
{"message":"Connected to mongodb://localhost/fullstack...","level":"info"}
{"message":"Listening on port 5000","level":"info"}
{"message":"Connected to mongodb://localhost/fullstack...","level":"info"}
{"message":"Listening on port 5000","level":"info"}
{"message":"Connected to mongodb://localhost/fullstack...","level":"info"}
{"message":"Listening on port 5000","level":"info"}
{"message":"Connected to mongodb://localhost/fullstack...","level":"info"}
{"message":"Listening on port 5000","level":"info"}
{"message":"Connected to mongodb://localhost/fullstack...","level":"info"}
{"message":"Listening on port 5000","level":"info"}
{"message":"Connected to mongodb://localhost/fullstack...","level":"info"}
{"message":"Listening on port 5000","level":"info"}
{"message":"Connected to mongodb://localhost/fullstack...","level":"info"}
{"message":"Listening on port 5000","level":"info"}
{"message":"Connected to mongodb://localhost/fullstack...","level":"info"}
{"message":"Listening on port 5000","level":"info"}
{"message":"Connected to mongodb://localhost/fullstack...","level":"info"}
{"message":"Listening on port 5000","level":"info"}
{"message":"Connected to mongodb://localhost/fullstack...","level":"info"}
{"message":"Listening on port 5000","level":"info"}
{"message":"Connected to mongodb://localhost/fullstack...","level":"info"}
{"message":"Listening on port 5000","level":"info"}
{"message":"Connected to mongodb://localhost/fullstack...","level":"info"}
{"message":"Listening on port 5000","level":"info"}
{"message":"Connected to mongodb://localhost/fullstack...","level":"info"}
{"message":"Listening on port 5000","level":"info"}
{"message":"Connected to mongodb://localhost/fullstack...","level":"info"}
{"message":"Listening on port 5000","level":"info"}
{"message":"Connected to mongodb://localhost/fullstack...","level":"info"}
{"message":"Listening on port 5000","level":"info"}
{"message":"Connected to mongodb://localhost/fullstack...","level":"info"}
{"message":"Listening on port 5000","level":"info"}
{"message":"Connected to mongodb://localhost/fullstack...","level":"info"}
{"message":"Listening on port 5000","level":"info"}
{"message":"Connected to mongodb://localhost/fullstack...","level":"info"}
{"message":"Listening on port 5000","level":"info"}
{"message":"Connected to mongodb://localhost/fullstack...","level":"info"}
{"message":"Listening on port 5000","level":"info"}
{"message":"Connected to mongodb://localhost/fullstack...","level":"info"}
{"message":"Listening on port 5000","level":"info"}
{"message":"Connected to mongodb://localhost/fullstack...","level":"info"}
{"message":"Listening on port 5000","level":"info"}
{"message":"Connected to mongodb://localhost/fullstack...","level":"info"}
{"message":"Listening on port 5000","level":"info"}
{"message":"Connected to mongodb://localhost/fullstack...","level":"info"}
{"message":"Listening on port 5000","level":"info"}
{"message":"Connected to mongodb://localhost/fullstack...","level":"info"}
{"message":"Listening on port 5000","level":"info"}
{"message":"Connected to mongodb://localhost/fullstack...","level":"info"}
{"message":"Listening on port 5000","level":"info"}
{"message":"Connected to mongodb://localhost/fullstack...","level":"info"}
{"message":"Listening on port 5000","level":"info"}
{"message":"Connected to mongodb://localhost/fullstack...","level":"info"}
{"message":"Listening on port 5000","level":"info"}
{"message":"Connected to mongodb://localhost/fullstack...","level":"info"}
{"message":"Listening on port 5000","level":"info"}
{"message":"Connected to mongodb://localhost/fullstack...","level":"info"}
{"message":"Listening on port 5000","level":"info"}
{"message":"Connected to mongodb://localhost/fullstack...","level":"info"}
{"message":"Listening on port 5000","level":"info"}
{"message":"Connected to mongodb://localhost/fullstack...","level":"info"}
{"message":"Listening on port 5000","level":"info"}
{"message":"Connected to mongodb://localhost/fullstack...","level":"info"}
{"message":"Listening on port 5000","level":"info"}
{"message":"Connected to mongodb://localhost/fullstack...","level":"info"}
{"message":"Listening on port 5000","level":"info"}
{"message":"Connected to mongodb://localhost/fullstack...","level":"info"}
{"message":"Listening on port 5000","level":"info"}
{"message":"Connected to mongodb://localhost/fullstack...","level":"info"}
{"message":"Listening on port 5000","level":"info"}
{"message":"Connected to mongodb://localhost/fullstack...","level":"info"}
{"message":"Listening on port 5000","level":"info"}
{"message":"Connected to mongodb://localhost/fullstack...","level":"info"}
{"message":"Listening on port 5000","level":"info"}
{"message":"Connected to mongodb://localhost/fullstack...","level":"info"}
{"message":"Listening on port 5000","level":"info"}
{"message":"Connected to mongodb://localhost/fullstack...","level":"info"}
{"message":"Listening on port 5000","level":"info"}
{"message":"Connected to mongodb://localhost/fullstack...","level":"info"}
{"message":"Listening on port 5000","level":"info"}
{"message":"Connected to mongodb://localhost/fullstack...","level":"info"}
{"message":"Listening on port 5000","level":"info"}
{"message":"Connected to mongodb://localhost/fullstack...","level":"info"}
{"message":"Listening on port 5000","level":"info"}
{"message":"Connected to mongodb://localhost/fullstack...","level":"info"}
{"message":"Listening on port 5000","level":"info"}
{"message":"Connected to mongodb://localhost/fullstack...","level":"info"}
{"message":"Listening on port 5000","level":"info"}
{"message":"Connected to mongodb://localhost/fullstack...","level":"info"}
{"message":"Listening on port 5000","level":"info"}
{"message":"Connected to mongodb://localhost/fullstack...","level":"info"}
{"message":"Listening on port 5000","level":"info"}
{"message":"Connected to mongodb://localhost/fullstack...","level":"info"}
{"message":"Listening on port 5000","level":"info"}
{"message":"Connected to mongodb://localhost/fullstack...","level":"info"}
{"message":"Listening on port 5000","level":"info"}
{"message":"Connected to mongodb://localhost/fullstack...","level":"info"}
{"message":"Listening on port 5000","level":"info"}
{"message":"Connected to mongodb://localhost/fullstack...","level":"info"}
{"message":"Listening on port 5000","level":"info"}
{"message":"Connected to mongodb://localhost/fullstack...","level":"info"}
{"message":"Listening on port 5000","level":"info"}
{"message":"Connected to mongodb://localhost/fullstack...","level":"info"}
{"message":"Listening on port 5000","level":"info"}
{"message":"Connected to mongodb://localhost/fullstack...","level":"info"}
{"message":"Listening on port 5000","level":"info"}
{"message":"Connected to mongodb://localhost/fullstack...","level":"info"}
{"message":"Listening on port 5000","level":"info"}
{"message":"Connected to mongodb://localhost/fullstack...","level":"info"}
{"message":"Listening on port 5000","level":"info"}
{"message":"Connected to mongodb://localhost/fullstack...","level":"info"}
{"message":"Listening on port 5000","level":"info"}
{"message":"Connected to mongodb://localhost/fullstack...","level":"info"}
{"message":"Listening on port 5000","level":"info"}
{"message":"Connected to mongodb://localhost/fullstack...","level":"info"}
{"message":"Listening on port 5000","level":"info"}
{"message":"Connected to mongodb://localhost/fullstack...","level":"info"}
{"message":"Listening on port 5000","level":"info"}
{"message":"Connected to mongodb://localhost/fullstack...","level":"info"}
{"message":"Listening on port 5000","level":"info"}
{"message":"Connected to mongodb://localhost/fullstack...","level":"info"}
{"message":"Listening on port 5000","level":"info"}
{"message":"Connected to mongodb://localhost/fullstack...","level":"info"}
{"message":"Listening on port 5000","level":"info"}
{"message":"Connected to mongodb://localhost/fullstack...","level":"info"}
{"message":"Invalid Token Attempt","level":"error"}
{"message":"Listening on port 5000","level":"info"}
{"message":"Connected to mongodb://localhost/fullstack...","level":"info"}
{"message":"Invalid Token Attempt","level":"error"}
{"message":"Listening on port 5000","level":"info"}
{"message":"Connected to mongodb://localhost/fullstack...","level":"info"}
{"message":"Invalid Token Attempt","level":"error"}
{"message":"Listening on port 5000","level":"info"}
{"message":"Connected to mongodb://localhost/fullstack...","level":"info"}
{"message":"Invalid Token Attempt from ::1","level":"error"}
{"message":"Invalid Token Attempt from 127.0.0.1","level":"error"}
{"message":"Listening on port 5000","level":"info"}
{"message":"Connected to mongodb://localhost/fullstack...","level":"info"}
{"message":"Listening on port 5000","level":"info"}
{"message":"Connected to mongodb://localhost/fullstack...","level":"info"}
{"message":"Listening on port 5000","level":"info"}
{"message":"Connected to mongodb://localhost/fullstack...","level":"info"}
{"message":"Listening on port 5000","level":"info"}
{"message":"Connected to mongodb://localhost/fullstack...","level":"info"}
{"message":"Listening on port 5000","level":"info"}
{"message":"Connected to mongodb://localhost/fullstack...","level":"info"}
{"message":"Listening on port 5000","level":"info"}
{"message":"Connected to mongodb://localhost/fullstack...","level":"info"}
{"message":"Listening on port 5000","level":"info"}
{"message":"Connected to mongodb://localhost/fullstack...","level":"info"}
{"message":"Listening on port 5000","level":"info"}
{"message":"Connected to mongodb://localhost/fullstack...","level":"info"}
{"message":"Listening on port 5000","level":"info"}
{"message":"DB Connection Error","level":"error"}
{"message":"Listening on port 5000","level":"info"}
{"message":"DB Connection Error","level":"error"}
{"message":"Listening on port 5000","level":"info"}
{"message":"DB Connection Error","level":"error"}
{"message":"Listening on port 5000","level":"info"}
{"message":"Connected to mongodb://usman:usman@cluster0-shard-00-00.ykik2.mongodb.net:27017,cluster0-shard-00-01.ykik2.mongodb.net:27017,cluster0-shard-00-02.ykik2.mongodb.net:27017/myFirstDatabase?ssl=true&replicaSet=atlas-itietp-shard-0&authSource=admin&retryWrites=true&w=majority...","level":"info"}
{"message":"Listening on port 5000","level":"info"}
{"message":"Connected to mongodb://localhost/fullstack...","level":"info"}
{"message":"Listening on port 5000","level":"info"}
{"message":"Connected to mongodb://localhost/fullstack...","level":"info"}
{"message":"Listening on port 5000","level":"info"}
{"message":"Connected to mongodb://localhost/fullstack...","level":"info"}
{"message":"Listening on port 5000","level":"info"}
{"message":"Connected to mongodb://localhost/fullstack...","level":"info"}
{"message":"Listening on port 5000","level":"info"}
{"message":"Connected to mongodb://localhost/fullstack...","level":"info"}
{"message":"Listening on port 5000","level":"info"}
{"message":"Connected to mongodb://localhost/fullstack...","level":"info"}
{"message":"Listening on port 5000","level":"info"}
{"message":"Connected to mongodb://localhost/fullstack...","level":"info"}
{"message":"Listening on port 5000","level":"info"}
{"message":"Connected to mongodb://localhost/fullstack...","level":"info"}
{"message":"Listening on port 5000","level":"info"}
{"message":"Connected to mongodb://localhost/fullstack...","level":"info"}
{"message":"Listening on port 5000","level":"info"}
{"message":"Connected to mongodb://localhost/fullstack...","level":"info"}
{"message":"Listening on port 5000","level":"info"}
{"message":"Connected to mongodb://localhost/fullstack...","level":"info"}
{"message":"Listening on port 5000","level":"info"}
{"message":"Connected to mongodb://localhost/fullstack...","level":"info"}
{"message":"Listening on port 5000","level":"info"}
{"message":"Connected to mongodb://localhost/fullstack...","level":"info"}
{"message":"Listening on port 5000","level":"info"}
{"message":"Connected to mongodb://localhost/fullstack...","level":"info"}
{"message":"Listening on port 5000","level":"info"}
{"message":"Connected to mongodb://localhost/fullstack...","level":"info"}
{"message":"Listening on port 5000","level":"info"}
{"message":"Connected to mongodb://localhost/fullstack...","level":"info"}
{"message":"Listening on port 5000","level":"info"}
{"message":"Connected to mongodb://localhost/fullstack...","level":"info"}
